Traceback (most recent call last):
  File "add_data_worker.py", line 15, in <module>
    nlp = spacy.load('en') # takes a while, handle possible error first
  File "/Users/max/Documents/JobSearchStuff/bridgewater/concordance/venv3/lib/python3.6/site-packages/spacy/__init__.py", line 19, in load
    return util.load_model(name, **overrides)
  File "/Users/max/Documents/JobSearchStuff/bridgewater/concordance/venv3/lib/python3.6/site-packages/spacy/util.py", line 112, in load_model
    return load_model_from_link(name, **overrides)
  File "/Users/max/Documents/JobSearchStuff/bridgewater/concordance/venv3/lib/python3.6/site-packages/spacy/util.py", line 131, in load_model_from_link
    return cls.load(**overrides)
  File "/Users/max/Documents/JobSearchStuff/bridgewater/concordance/venv3/lib/python3.6/site-packages/spacy/data/en/__init__.py", line 12, in load
    return load_model_from_init_py(__file__, **overrides)
  File "/Users/max/Documents/JobSearchStuff/bridgewater/concordance/venv3/lib/python3.6/site-packages/spacy/util.py", line 176, in load_model_from_init_py
    return load_model_from_path(data_path, meta, **overrides)
  File "/Users/max/Documents/JobSearchStuff/bridgewater/concordance/venv3/lib/python3.6/site-packages/spacy/util.py", line 158, in load_model_from_path
    return nlp.from_disk(model_path)
  File "/Users/max/Documents/JobSearchStuff/bridgewater/concordance/venv3/lib/python3.6/site-packages/spacy/language.py", line 629, in from_disk
    util.from_disk(path, deserializers, exclude)
  File "/Users/max/Documents/JobSearchStuff/bridgewater/concordance/venv3/lib/python3.6/site-packages/spacy/util.py", line 521, in from_disk
    reader(path / key)
  File "/Users/max/Documents/JobSearchStuff/bridgewater/concordance/venv3/lib/python3.6/site-packages/spacy/language.py", line 616, in <lambda>
    ('vocab', lambda p: self.vocab.from_disk(p)),
  File "vocab.pyx", line 376, in spacy.vocab.Vocab.from_disk
  File "vectors.pyx", line 369, in spacy.vectors.Vectors.from_disk
  File "/Users/max/Documents/JobSearchStuff/bridgewater/concordance/venv3/lib/python3.6/site-packages/spacy/util.py", line 517, in from_disk
    def from_disk(path, readers, exclude):
KeyboardInterrupt
Traceback (most recent call last):
  File "add_data_worker.py", line 15, in <module>
    nlp = spacy.load('en') # takes a while, handle possible error first
  File "/Users/max/Documents/JobSearchStuff/bridgewater/concordance/venv3/lib/python3.6/site-packages/spacy/__init__.py", line 19, in load
    return util.load_model(name, **overrides)
  File "/Users/max/Documents/JobSearchStuff/bridgewater/concordance/venv3/lib/python3.6/site-packages/spacy/util.py", line 112, in load_model
    return load_model_from_link(name, **overrides)
  File "/Users/max/Documents/JobSearchStuff/bridgewater/concordance/venv3/lib/python3.6/site-packages/spacy/util.py", line 131, in load_model_from_link
    return cls.load(**overrides)
  File "/Users/max/Documents/JobSearchStuff/bridgewater/concordance/venv3/lib/python3.6/site-packages/spacy/data/en/__init__.py", line 12, in load
    return load_model_from_init_py(__file__, **overrides)
  File "/Users/max/Documents/JobSearchStuff/bridgewater/concordance/venv3/lib/python3.6/site-packages/spacy/util.py", line 176, in load_model_from_init_py
    return load_model_from_path(data_path, meta, **overrides)
  File "/Users/max/Documents/JobSearchStuff/bridgewater/concordance/venv3/lib/python3.6/site-packages/spacy/util.py", line 158, in load_model_from_path
    return nlp.from_disk(model_path)
  File "/Users/max/Documents/JobSearchStuff/bridgewater/concordance/venv3/lib/python3.6/site-packages/spacy/language.py", line 629, in from_disk
    util.from_disk(path, deserializers, exclude)
  File "/Users/max/Documents/JobSearchStuff/bridgewater/concordance/venv3/lib/python3.6/site-packages/spacy/util.py", line 521, in from_disk
    reader(path / key)
  File "/Users/max/Documents/JobSearchStuff/bridgewater/concordance/venv3/lib/python3.6/site-packages/spacy/language.py", line 625, in <lambda>
    deserializers[name] = lambda p, proc=proc: proc.from_disk(p, vocab=False)
  File "nn_parser.pyx", line 891, in spacy.syntax.nn_parser.Parser.from_disk
  File "nn_parser.pyx", line 274, in spacy.syntax.nn_parser.Parser.Model
  File "/Users/max/Documents/JobSearchStuff/bridgewater/concordance/venv3/lib/python3.6/site-packages/thinc/check.py", line 146, in checked_function
    return wrapped(*args, **kwargs)
  File "/Users/max/Documents/JobSearchStuff/bridgewater/concordance/venv3/lib/python3.6/site-packages/thinc/neural/_classes/model.py", line 116, in begin_training
    hook(self, train_X, train_y)
  File "/Users/max/Documents/JobSearchStuff/bridgewater/concordance/venv3/lib/python3.6/site-packages/spacy/_ml.py", line 122, in <lambda>
    lambda model, X, y: model.init_weights(model))
  File "/Users/max/Documents/JobSearchStuff/bridgewater/concordance/venv3/lib/python3.6/site-packages/spacy/_ml.py", line 232, in init_weights
    acts1 = predict(ids, tokvecs)
  File "/Users/max/Documents/JobSearchStuff/bridgewater/concordance/venv3/lib/python3.6/site-packages/spacy/_ml.py", line 220, in predict
    vectors[i] += hiddens[id_, j]
KeyboardInterrupt
Traceback (most recent call last):
  File "add_data_worker.py", line 15, in <module>
    nlp = spacy.load('en') # takes a while, handle possible error first
  File "/Users/max/Documents/JobSearchStuff/bridgewater/concordance/venv3/lib/python3.6/site-packages/spacy/__init__.py", line 19, in load
    return util.load_model(name, **overrides)
  File "/Users/max/Documents/JobSearchStuff/bridgewater/concordance/venv3/lib/python3.6/site-packages/spacy/util.py", line 112, in load_model
    return load_model_from_link(name, **overrides)
  File "/Users/max/Documents/JobSearchStuff/bridgewater/concordance/venv3/lib/python3.6/site-packages/spacy/util.py", line 131, in load_model_from_link
    return cls.load(**overrides)
  File "/Users/max/Documents/JobSearchStuff/bridgewater/concordance/venv3/lib/python3.6/site-packages/spacy/data/en/__init__.py", line 12, in load
    return load_model_from_init_py(__file__, **overrides)
  File "/Users/max/Documents/JobSearchStuff/bridgewater/concordance/venv3/lib/python3.6/site-packages/spacy/util.py", line 176, in load_model_from_init_py
    return load_model_from_path(data_path, meta, **overrides)
  File "/Users/max/Documents/JobSearchStuff/bridgewater/concordance/venv3/lib/python3.6/site-packages/spacy/util.py", line 158, in load_model_from_path
    return nlp.from_disk(model_path)
  File "/Users/max/Documents/JobSearchStuff/bridgewater/concordance/venv3/lib/python3.6/site-packages/spacy/language.py", line 629, in from_disk
    util.from_disk(path, deserializers, exclude)
  File "/Users/max/Documents/JobSearchStuff/bridgewater/concordance/venv3/lib/python3.6/site-packages/spacy/util.py", line 521, in from_disk
    reader(path / key)
  File "/Users/max/Documents/JobSearchStuff/bridgewater/concordance/venv3/lib/python3.6/site-packages/spacy/language.py", line 625, in <lambda>
    deserializers[name] = lambda p, proc=proc: proc.from_disk(p, vocab=False)
  File "pipeline.pyx", line 599, in spacy.pipeline.Tagger.from_disk
  File "/Users/max/Documents/JobSearchStuff/bridgewater/concordance/venv3/lib/python3.6/site-packages/spacy/util.py", line 521, in from_disk
    reader(path / key)
  File "pipeline.pyx", line 583, in spacy.pipeline.Tagger.from_disk.load_model
  File "/Users/max/Documents/JobSearchStuff/bridgewater/concordance/venv3/lib/python3.6/site-packages/thinc/neural/_classes/model.py", line 335, in from_bytes
    data = msgpack.loads(bytes_data, encoding='utf8')
  File "/Users/max/Documents/JobSearchStuff/bridgewater/concordance/venv3/lib/python3.6/site-packages/msgpack_numpy.py", line 187, in unpackb
    return _unpacker.unpackb(packed, encoding=encoding, **kwargs)
  File "msgpack/_unpacker.pyx", line 139, in msgpack._unpacker.unpackb (msgpack/_unpacker.cpp:2068)
  File "/Users/max/Documents/JobSearchStuff/bridgewater/concordance/venv3/lib/python3.6/site-packages/msgpack_numpy.py", line 84, in decode
    dtype=np.dtype(descr)).reshape(obj[b'shape'])
KeyboardInterrupt
Traceback (most recent call last):
  File "add_data_worker.py", line 15, in <module>
    nlp = spacy.load('en') # takes a while, handle possible error first
  File "/Users/max/Documents/JobSearchStuff/bridgewater/concordance/venv3/lib/python3.6/site-packages/spacy/__init__.py", line 19, in load
    return util.load_model(name, **overrides)
  File "/Users/max/Documents/JobSearchStuff/bridgewater/concordance/venv3/lib/python3.6/site-packages/spacy/util.py", line 112, in load_model
    return load_model_from_link(name, **overrides)
  File "/Users/max/Documents/JobSearchStuff/bridgewater/concordance/venv3/lib/python3.6/site-packages/spacy/util.py", line 131, in load_model_from_link
    return cls.load(**overrides)
  File "/Users/max/Documents/JobSearchStuff/bridgewater/concordance/venv3/lib/python3.6/site-packages/spacy/data/en/__init__.py", line 12, in load
    return load_model_from_init_py(__file__, **overrides)
  File "/Users/max/Documents/JobSearchStuff/bridgewater/concordance/venv3/lib/python3.6/site-packages/spacy/util.py", line 176, in load_model_from_init_py
    return load_model_from_path(data_path, meta, **overrides)
  File "/Users/max/Documents/JobSearchStuff/bridgewater/concordance/venv3/lib/python3.6/site-packages/spacy/util.py", line 158, in load_model_from_path
    return nlp.from_disk(model_path)
  File "/Users/max/Documents/JobSearchStuff/bridgewater/concordance/venv3/lib/python3.6/site-packages/spacy/language.py", line 629, in from_disk
    util.from_disk(path, deserializers, exclude)
  File "/Users/max/Documents/JobSearchStuff/bridgewater/concordance/venv3/lib/python3.6/site-packages/spacy/util.py", line 521, in from_disk
    reader(path / key)
  File "/Users/max/Documents/JobSearchStuff/bridgewater/concordance/venv3/lib/python3.6/site-packages/spacy/language.py", line 616, in <lambda>
    ('vocab', lambda p: self.vocab.from_disk(p)),
  File "vocab.pyx", line 373, in spacy.vocab.Vocab.from_disk
  File "/usr/local/Cellar/python3/3.6.3/Frameworks/Python.framework/Versions/3.6/lib/python3.6/pathlib.py", line 894, in __truediv__
    def __truediv__(self, key):
KeyboardInterrupt
Traceback (most recent call last):
  File "add_data_worker.py", line 15, in <module>
    nlp = spacy.load('en') # takes a while, handle possible error first
  File "/Users/max/Documents/JobSearchStuff/bridgewater/concordance/venv3/lib/python3.6/site-packages/spacy/__init__.py", line 19, in load
    return util.load_model(name, **overrides)
  File "/Users/max/Documents/JobSearchStuff/bridgewater/concordance/venv3/lib/python3.6/site-packages/spacy/util.py", line 112, in load_model
    return load_model_from_link(name, **overrides)
  File "/Users/max/Documents/JobSearchStuff/bridgewater/concordance/venv3/lib/python3.6/site-packages/spacy/util.py", line 131, in load_model_from_link
    return cls.load(**overrides)
  File "/Users/max/Documents/JobSearchStuff/bridgewater/concordance/venv3/lib/python3.6/site-packages/spacy/data/en/__init__.py", line 12, in load
    return load_model_from_init_py(__file__, **overrides)
  File "/Users/max/Documents/JobSearchStuff/bridgewater/concordance/venv3/lib/python3.6/site-packages/spacy/util.py", line 176, in load_model_from_init_py
    return load_model_from_path(data_path, meta, **overrides)
  File "/Users/max/Documents/JobSearchStuff/bridgewater/concordance/venv3/lib/python3.6/site-packages/spacy/util.py", line 158, in load_model_from_path
    return nlp.from_disk(model_path)
  File "/Users/max/Documents/JobSearchStuff/bridgewater/concordance/venv3/lib/python3.6/site-packages/spacy/language.py", line 629, in from_disk
    util.from_disk(path, deserializers, exclude)
  File "/Users/max/Documents/JobSearchStuff/bridgewater/concordance/venv3/lib/python3.6/site-packages/spacy/util.py", line 521, in from_disk
    reader(path / key)
  File "/Users/max/Documents/JobSearchStuff/bridgewater/concordance/venv3/lib/python3.6/site-packages/spacy/language.py", line 625, in <lambda>
    deserializers[name] = lambda p, proc=proc: proc.from_disk(p, vocab=False)
  File "nn_parser.pyx", line 891, in spacy.syntax.nn_parser.Parser.from_disk
  File "nn_parser.pyx", line 274, in spacy.syntax.nn_parser.Parser.Model
  File "/Users/max/Documents/JobSearchStuff/bridgewater/concordance/venv3/lib/python3.6/site-packages/thinc/check.py", line 146, in checked_function
    return wrapped(*args, **kwargs)
  File "/Users/max/Documents/JobSearchStuff/bridgewater/concordance/venv3/lib/python3.6/site-packages/thinc/neural/_classes/model.py", line 116, in begin_training
    hook(self, train_X, train_y)
  File "/Users/max/Documents/JobSearchStuff/bridgewater/concordance/venv3/lib/python3.6/site-packages/spacy/_ml.py", line 122, in <lambda>
    lambda model, X, y: model.init_weights(model))
  File "/Users/max/Documents/JobSearchStuff/bridgewater/concordance/venv3/lib/python3.6/site-packages/spacy/_ml.py", line 232, in init_weights
    acts1 = predict(ids, tokvecs)
  File "/Users/max/Documents/JobSearchStuff/bridgewater/concordance/venv3/lib/python3.6/site-packages/spacy/_ml.py", line 215, in predict
    hiddens = model(tokvecs) # (nW, f, o, p)
  File "/Users/max/Documents/JobSearchStuff/bridgewater/concordance/venv3/lib/python3.6/site-packages/thinc/neural/_classes/model.py", line 161, in __call__
    return self.predict(x)
  File "/Users/max/Documents/JobSearchStuff/bridgewater/concordance/venv3/lib/python3.6/site-packages/thinc/neural/_classes/model.py", line 125, in predict
    y, _ = self.begin_update(X)
  File "/Users/max/Documents/JobSearchStuff/bridgewater/concordance/venv3/lib/python3.6/site-packages/spacy/_ml.py", line 150, in begin_update
    Yf = self._add_padding(Yf)
  File "/Users/max/Documents/JobSearchStuff/bridgewater/concordance/venv3/lib/python3.6/site-packages/spacy/_ml.py", line 179, in _add_padding
    Yf_padded = self.ops.xp.vstack((self.pad, Yf))
  File "/Users/max/Documents/JobSearchStuff/bridgewater/concordance/venv3/lib/python3.6/site-packages/numpy/core/shape_base.py", line 237, in vstack
    return _nx.concatenate([atleast_2d(_m) for _m in tup], 0)
KeyboardInterrupt
 [*] Waiting for messages. To exit press CTRL+C
Traceback (most recent call last):
  File "add_data_worker.py", line 116, in <module>
    channel.start_consuming()
  File "/Users/max/Documents/JobSearchStuff/bridgewater/concordance/venv3/lib/python3.6/site-packages/pika/adapters/blocking_connection.py", line 1780, in start_consuming
    self.connection.process_data_events(time_limit=None)
  File "/Users/max/Documents/JobSearchStuff/bridgewater/concordance/venv3/lib/python3.6/site-packages/pika/adapters/blocking_connection.py", line 707, in process_data_events
    self._flush_output(common_terminator)
  File "/Users/max/Documents/JobSearchStuff/bridgewater/concordance/venv3/lib/python3.6/site-packages/pika/adapters/blocking_connection.py", line 455, in _flush_output
    self._impl.ioloop.poll()
  File "/Users/max/Documents/JobSearchStuff/bridgewater/concordance/venv3/lib/python3.6/site-packages/pika/adapters/select_connection.py", line 245, in poll
    self._poller.poll()
  File "/Users/max/Documents/JobSearchStuff/bridgewater/concordance/venv3/lib/python3.6/site-packages/pika/adapters/select_connection.py", line 804, in poll
    self._get_next_deadline())
KeyboardInterrupt
